-------------------------------------------------------------------------------
Test set: com.example.demo.InventoryManagementSystemApplicationTests
-------------------------------------------------------------------------------
Tests run: 1, Failures: 0, Errors: 1, Skipped: 0, Time elapsed: 0.422 s <<< FAILURE! - in com.example.demo.InventoryManagementSystemApplicationTests
checkproductorder  Time elapsed: 0.009 s  <<< ERROR!
java.lang.Error: 
Unresolved compilation problems: 
	The import org.junit.runner cannot be resolved
	RunWith cannot be resolved to a type

	at com.example.demo.InventoryManagementSystemApplicationTests.<init>(InventoryManagementSystemApplicationTests.java:4)

