<?xml version="1.0" encoding="UTF-8"?>
<testsuite xmlns:xsi="http://www.w3.org/2001/XMLSchema-instance" xsi:noNamespaceSchemaLocation="https://maven.apache.org/surefire/maven-surefire-plugin/xsd/surefire-test-report.xsd" name="com.example.demo.InventoryManagementSystemApplicationTests" time="0.422" tests="1" errors="1" skipped="0" failures="0">
  <properties>
[...]
</properties>
  <testcase name="checkproductorder" classname="com.example.demo.InventoryManagementSystemApplicationTests" time="0.009">
    <error message="Unresolved compilation problems: &#10;	The import org.junit.runner cannot be resolved&#10;	RunWith cannot be resolved to a type&#10;" type="java.lang.Error"><![CDATA[java.lang.Error: 
Unresolved compilation problems: 
	The import org.junit.runner cannot be resolved
	RunWith cannot be resolved to a type

	at com.example.demo.InventoryManagementSystemApplicationTests.<init>(InventoryManagementSystemApplicationTests.java:4)
]]></error>
    <system-out><![CDATA[02:07:05.805 [main] DEBUG org.springframework.test.context.BootstrapUtils - Instantiating CacheAwareContextLoaderDelegate from class [org.springframework.test.context.cache.DefaultCacheAwareContextLoaderDelegate]
02:07:05.818 [main] DEBUG org.springframework.test.context.BootstrapUtils - Instantiating BootstrapContext using constructor [public org.springframework.test.context.support.DefaultBootstrapContext(java.lang.Class,org.springframework.test.context.CacheAwareContextLoaderDelegate)]
02:07:05.858 [main] DEBUG org.springframework.test.context.BootstrapUtils - Instantiating TestContextBootstrapper for test class [com.example.demo.InventoryManagementSystemApplicationTests] from class [org.springframework.boot.test.context.SpringBootTestContextBootstrapper]
02:07:05.888 [main] INFO org.springframework.boot.test.context.SpringBootTestContextBootstrapper - Neither @ContextConfiguration nor @ContextHierarchy found for test class [com.example.demo.InventoryManagementSystemApplicationTests], using SpringBootContextLoader
02:07:05.892 [main] DEBUG org.springframework.test.context.support.AbstractContextLoader - Did not detect default resource location for test class [com.example.demo.InventoryManagementSystemApplicationTests]: class path resource [com/example/demo/InventoryManagementSystemApplicationTests-context.xml] does not exist
02:07:05.893 [main] DEBUG org.springframework.test.context.support.AbstractContextLoader - Did not detect default resource location for test class [com.example.demo.InventoryManagementSystemApplicationTests]: class path resource [com/example/demo/InventoryManagementSystemApplicationTestsContext.groovy] does not exist
02:07:05.893 [main] INFO org.springframework.test.context.support.AbstractContextLoader - Could not detect default resource locations for test class [com.example.demo.InventoryManagementSystemApplicationTests]: no resource found for suffixes {-context.xml, Context.groovy}.
02:07:05.976 [main] DEBUG org.springframework.test.context.support.ActiveProfilesUtils - Could not find an 'annotation declaring class' for annotation type [org.springframework.test.context.ActiveProfiles] and class [com.example.demo.InventoryManagementSystemApplicationTests]
02:07:06.119 [main] DEBUG org.springframework.boot.test.context.SpringBootTestContextBootstrapper - @TestExecutionListeners is not present for class [com.example.demo.InventoryManagementSystemApplicationTests]: using defaults.
02:07:06.120 [main] INFO org.springframework.boot.test.context.SpringBootTestContextBootstrapper - Loaded default TestExecutionListener class names from location [META-INF/spring.factories]: [org.springframework.boot.test.mock.mockito.MockitoTestExecutionListener, org.springframework.boot.test.mock.mockito.ResetMocksTestExecutionListener, org.springframework.boot.test.autoconfigure.restdocs.RestDocsTestExecutionListener, org.springframework.boot.test.autoconfigure.web.client.MockRestServiceServerResetTestExecutionListener, org.springframework.boot.test.autoconfigure.web.servlet.MockMvcPrintOnlyOnFailureTestExecutionListener, org.springframework.boot.test.autoconfigure.web.servlet.WebDriverTestExecutionListener, org.springframework.test.context.web.ServletTestExecutionListener, org.springframework.test.context.support.DirtiesContextBeforeModesTestExecutionListener, org.springframework.test.context.support.DependencyInjectionTestExecutionListener, org.springframework.test.context.support.DirtiesContextTestExecutionListener, org.springframework.test.context.transaction.TransactionalTestExecutionListener, org.springframework.test.context.jdbc.SqlScriptsTestExecutionListener, org.springframework.test.context.event.EventPublishingTestExecutionListener]
02:07:06.143 [main] INFO org.springframework.boot.test.context.SpringBootTestContextBootstrapper - Using TestExecutionListeners: [org.springframework.test.context.web.ServletTestExecutionListener@1698ee84, org.springframework.test.context.support.DirtiesContextBeforeModesTestExecutionListener@10c626be, org.springframework.boot.test.mock.mockito.MockitoTestExecutionListener@2fc0cc3, org.springframework.boot.test.autoconfigure.SpringBootDependencyInjectionTestExecutionListener@328cf0e1, org.springframework.test.context.support.DirtiesContextTestExecutionListener@63b1d4fa, org.springframework.test.context.transaction.TransactionalTestExecutionListener@42e3ede4, org.springframework.test.context.jdbc.SqlScriptsTestExecutionListener@201b6b6f, org.springframework.test.context.event.EventPublishingTestExecutionListener@75459c75, org.springframework.boot.test.mock.mockito.ResetMocksTestExecutionListener@183e8023, org.springframework.boot.test.autoconfigure.restdocs.RestDocsTestExecutionListener@45efc20d, org.springframework.boot.test.autoconfigure.web.client.MockRestServiceServerResetTestExecutionListener@3e5499cc, org.springframework.boot.test.autoconfigure.web.servlet.MockMvcPrintOnlyOnFailureTestExecutionListener@67ab1c47, org.springframework.boot.test.autoconfigure.web.servlet.WebDriverTestExecutionListener@b78a709]
02:07:06.147 [main] DEBUG org.springframework.test.context.support.AbstractDirtiesContextTestExecutionListener - Before test class: context [DefaultTestContext@4ee37ca3 testClass = InventoryManagementSystemApplicationTests, testInstance = [null], testMethod = [null], testException = [null], mergedContextConfiguration = [WebMergedContextConfiguration@45c8d09f testClass = InventoryManagementSystemApplicationTests, locations = '{}', classes = '{class com.cg.anurag.inventorymanagementsystem.InventoryManagementSystemApplication, class com.cg.anurag.inventorymanagementsystem.InventoryManagementSystemApplication}', contextInitializerClasses = '[]', activeProfiles = '{}', propertySourceLocations = '{}', propertySourceProperties = '{org.springframework.boot.test.context.SpringBootTestContextBootstrapper=true}', contextCustomizers = set[[ImportsContextCustomizer@53812a9b key = [org.springframework.boot.test.autoconfigure.web.servlet.MockMvcAutoConfiguration, org.springframework.boot.test.autoconfigure.web.servlet.MockMvcWebClientAutoConfiguration, org.springframework.boot.test.autoconfigure.web.servlet.MockMvcWebDriverAutoConfiguration, org.springframework.boot.autoconfigure.security.servlet.SecurityAutoConfiguration, org.springframework.boot.autoconfigure.security.servlet.UserDetailsServiceAutoConfiguration, org.springframework.boot.test.autoconfigure.web.servlet.MockMvcSecurityConfiguration]], org.springframework.boot.test.context.filter.ExcludeFilterContextCustomizer@4397ad89, org.springframework.boot.test.json.DuplicateJsonObjectContextCustomizerFactory$DuplicateJsonObjectContextCustomizer@6f19ac19, org.springframework.boot.test.mock.mockito.MockitoContextCustomizer@6285580e, org.springframework.boot.test.web.client.TestRestTemplateContextCustomizer@73d983ea, org.springframework.boot.test.autoconfigure.properties.PropertyMappingContextCustomizer@4b3fa0b3, org.springframework.boot.test.autoconfigure.web.servlet.WebDriverContextCustomizerFactory$Customizer@4ff8d125], resourceBasePath = 'src/main/webapp', contextLoader = 'org.springframework.boot.test.context.SpringBootContextLoader', parent = [null]], attributes = map['org.springframework.test.context.web.ServletTestExecutionListener.activateListener' -> true]], class annotated with @DirtiesContext [false] with mode [null].
]]></system-out>
  </testcase>
</testsuite>